<?xml version="1.0" encoding="UTF-8"?>
<testsuite xmlns:xsi="http://www.w3.org/2001/XMLSchema-instance" xsi:noNamespaceSchemaLocation="https://maven.apache.org/surefire/maven-surefire-plugin/xsd/surefire-test-report-3.0.xsd" version="3.0" name="com.example.JavaProducerTest" time="1.471" tests="1" errors="0" skipped="0" failures="0">
  <properties>
    <property name="java.specification.version" value="21"/>
    <property name="sun.jnu.encoding" value="UTF-8"/>
    <property name="java.class.path" value="/app/java-producer/target/test-classes:/app/java-producer/target/classes:/home/swebot/.m2/repository/org/apache/kafka/kafka-clients/3.6.1/kafka-clients-3.6.1.jar:/home/swebot/.m2/repository/com/github/luben/zstd-jni/1.5.5-1/zstd-jni-1.5.5-1.jar:/home/swebot/.m2/repository/org/lz4/lz4-java/1.8.0/lz4-java-1.8.0.jar:/home/swebot/.m2/repository/org/xerial/snappy/snappy-java/1.1.10.5/snappy-java-1.1.10.5.jar:/home/swebot/.m2/repository/org/slf4j/slf4j-api/2.0.9/slf4j-api-2.0.9.jar:/home/swebot/.m2/repository/ch/qos/logback/logback-classic/1.4.14/logback-classic-1.4.14.jar:/home/swebot/.m2/repository/ch/qos/logback/logback-core/1.4.14/logback-core-1.4.14.jar:/home/swebot/.m2/repository/io/opentelemetry/opentelemetry-api/1.32.0/opentelemetry-api-1.32.0.jar:/home/swebot/.m2/repository/io/opentelemetry/opentelemetry-context/1.32.0/opentelemetry-context-1.32.0.jar:/home/swebot/.m2/repository/io/opentelemetry/opentelemetry-sdk/1.32.0/opentelemetry-sdk-1.32.0.jar:/home/swebot/.m2/repository/io/opentelemetry/opentelemetry-sdk-common/1.32.0/opentelemetry-sdk-common-1.32.0.jar:/home/swebot/.m2/repository/io/opentelemetry/opentelemetry-sdk-trace/1.32.0/opentelemetry-sdk-trace-1.32.0.jar:/home/swebot/.m2/repository/io/opentelemetry/opentelemetry-sdk-metrics/1.32.0/opentelemetry-sdk-metrics-1.32.0.jar:/home/swebot/.m2/repository/io/opentelemetry/opentelemetry-extension-incubator/1.32.0-alpha/opentelemetry-extension-incubator-1.32.0-alpha.jar:/home/swebot/.m2/repository/io/opentelemetry/opentelemetry-sdk-logs/1.32.0/opentelemetry-sdk-logs-1.32.0.jar:/home/swebot/.m2/repository/io/opentelemetry/opentelemetry-api-events/1.32.0-alpha/opentelemetry-api-events-1.32.0-alpha.jar:/home/swebot/.m2/repository/io/opentelemetry/instrumentation/opentelemetry-logback-appender-1.0/1.32.0-alpha/opentelemetry-logback-appender-1.0-1.32.0-alpha.jar:/home/swebot/.m2/repository/io/opentelemetry/instrumentation/opentelemetry-instrumentation-api/1.32.0/opentelemetry-instrumentation-api-1.32.0.jar:/home/swebot/.m2/repository/io/opentelemetry/instrumentation/opentelemetry-instrumentation-api-semconv/1.32.0-alpha/opentelemetry-instrumentation-api-semconv-1.32.0-alpha.jar:/home/swebot/.m2/repository/io/opentelemetry/semconv/opentelemetry-semconv/1.21.0-alpha/opentelemetry-semconv-1.21.0-alpha.jar:/home/swebot/.m2/repository/org/junit/jupiter/junit-jupiter-api/5.10.0/junit-jupiter-api-5.10.0.jar:/home/swebot/.m2/repository/org/opentest4j/opentest4j/1.3.0/opentest4j-1.3.0.jar:/home/swebot/.m2/repository/org/junit/platform/junit-platform-commons/1.10.0/junit-platform-commons-1.10.0.jar:/home/swebot/.m2/repository/org/apiguardian/apiguardian-api/1.1.2/apiguardian-api-1.1.2.jar:/home/swebot/.m2/repository/org/junit/jupiter/junit-jupiter-engine/5.10.0/junit-jupiter-engine-5.10.0.jar:/home/swebot/.m2/repository/org/junit/platform/junit-platform-engine/1.10.0/junit-platform-engine-1.10.0.jar:/home/swebot/.m2/repository/org/mockito/mockito-core/5.5.0/mockito-core-5.5.0.jar:/home/swebot/.m2/repository/net/bytebuddy/byte-buddy/1.14.6/byte-buddy-1.14.6.jar:/home/swebot/.m2/repository/net/bytebuddy/byte-buddy-agent/1.14.6/byte-buddy-agent-1.14.6.jar:/home/swebot/.m2/repository/org/objenesis/objenesis/3.3/objenesis-3.3.jar:/home/swebot/.m2/repository/org/mockito/mockito-junit-jupiter/5.5.0/mockito-junit-jupiter-5.5.0.jar:"/>
    <property name="java.vm.vendor" value="Ubuntu"/>
    <property name="sun.arch.data.model" value="64"/>
    <property name="java.vendor.url" value="https://ubuntu.com/"/>
    <property name="user.timezone" value="Etc/UTC"/>
    <property name="os.name" value="Linux"/>
    <property name="java.vm.specification.version" value="21"/>
    <property name="sun.java.launcher" value="SUN_STANDARD"/>
    <property name="sun.boot.library.path" value="/usr/lib/jvm/java-21-openjdk-amd64/lib"/>
    <property name="sun.java.command" value="/app/java-producer/target/surefire/surefirebooter-20250608040733690_3.jar /app/java-producer/target/surefire 2025-06-08T04-07-33_138-jvmRun1 surefire-20250608040733690_1tmp surefire_0-20250608040733690_2tmp"/>
    <property name="jdk.debug" value="release"/>
    <property name="surefire.test.class.path" value="/app/java-producer/target/test-classes:/app/java-producer/target/classes:/home/swebot/.m2/repository/org/apache/kafka/kafka-clients/3.6.1/kafka-clients-3.6.1.jar:/home/swebot/.m2/repository/com/github/luben/zstd-jni/1.5.5-1/zstd-jni-1.5.5-1.jar:/home/swebot/.m2/repository/org/lz4/lz4-java/1.8.0/lz4-java-1.8.0.jar:/home/swebot/.m2/repository/org/xerial/snappy/snappy-java/1.1.10.5/snappy-java-1.1.10.5.jar:/home/swebot/.m2/repository/org/slf4j/slf4j-api/2.0.9/slf4j-api-2.0.9.jar:/home/swebot/.m2/repository/ch/qos/logback/logback-classic/1.4.14/logback-classic-1.4.14.jar:/home/swebot/.m2/repository/ch/qos/logback/logback-core/1.4.14/logback-core-1.4.14.jar:/home/swebot/.m2/repository/io/opentelemetry/opentelemetry-api/1.32.0/opentelemetry-api-1.32.0.jar:/home/swebot/.m2/repository/io/opentelemetry/opentelemetry-context/1.32.0/opentelemetry-context-1.32.0.jar:/home/swebot/.m2/repository/io/opentelemetry/opentelemetry-sdk/1.32.0/opentelemetry-sdk-1.32.0.jar:/home/swebot/.m2/repository/io/opentelemetry/opentelemetry-sdk-common/1.32.0/opentelemetry-sdk-common-1.32.0.jar:/home/swebot/.m2/repository/io/opentelemetry/opentelemetry-sdk-trace/1.32.0/opentelemetry-sdk-trace-1.32.0.jar:/home/swebot/.m2/repository/io/opentelemetry/opentelemetry-sdk-metrics/1.32.0/opentelemetry-sdk-metrics-1.32.0.jar:/home/swebot/.m2/repository/io/opentelemetry/opentelemetry-extension-incubator/1.32.0-alpha/opentelemetry-extension-incubator-1.32.0-alpha.jar:/home/swebot/.m2/repository/io/opentelemetry/opentelemetry-sdk-logs/1.32.0/opentelemetry-sdk-logs-1.32.0.jar:/home/swebot/.m2/repository/io/opentelemetry/opentelemetry-api-events/1.32.0-alpha/opentelemetry-api-events-1.32.0-alpha.jar:/home/swebot/.m2/repository/io/opentelemetry/instrumentation/opentelemetry-logback-appender-1.0/1.32.0-alpha/opentelemetry-logback-appender-1.0-1.32.0-alpha.jar:/home/swebot/.m2/repository/io/opentelemetry/instrumentation/opentelemetry-instrumentation-api/1.32.0/opentelemetry-instrumentation-api-1.32.0.jar:/home/swebot/.m2/repository/io/opentelemetry/instrumentation/opentelemetry-instrumentation-api-semconv/1.32.0-alpha/opentelemetry-instrumentation-api-semconv-1.32.0-alpha.jar:/home/swebot/.m2/repository/io/opentelemetry/semconv/opentelemetry-semconv/1.21.0-alpha/opentelemetry-semconv-1.21.0-alpha.jar:/home/swebot/.m2/repository/org/junit/jupiter/junit-jupiter-api/5.10.0/junit-jupiter-api-5.10.0.jar:/home/swebot/.m2/repository/org/opentest4j/opentest4j/1.3.0/opentest4j-1.3.0.jar:/home/swebot/.m2/repository/org/junit/platform/junit-platform-commons/1.10.0/junit-platform-commons-1.10.0.jar:/home/swebot/.m2/repository/org/apiguardian/apiguardian-api/1.1.2/apiguardian-api-1.1.2.jar:/home/swebot/.m2/repository/org/junit/jupiter/junit-jupiter-engine/5.10.0/junit-jupiter-engine-5.10.0.jar:/home/swebot/.m2/repository/org/junit/platform/junit-platform-engine/1.10.0/junit-platform-engine-1.10.0.jar:/home/swebot/.m2/repository/org/mockito/mockito-core/5.5.0/mockito-core-5.5.0.jar:/home/swebot/.m2/repository/net/bytebuddy/byte-buddy/1.14.6/byte-buddy-1.14.6.jar:/home/swebot/.m2/repository/net/bytebuddy/byte-buddy-agent/1.14.6/byte-buddy-agent-1.14.6.jar:/home/swebot/.m2/repository/org/objenesis/objenesis/3.3/objenesis-3.3.jar:/home/swebot/.m2/repository/org/mockito/mockito-junit-jupiter/5.5.0/mockito-junit-jupiter-5.5.0.jar:"/>
    <property name="sun.cpu.endian" value="little"/>
    <property name="user.home" value="/home/swebot"/>
    <property name="user.language" value="en"/>
    <property name="java.specification.vendor" value="Oracle Corporation"/>
    <property name="java.version.date" value="2025-04-15"/>
    <property name="java.home" value="/usr/lib/jvm/java-21-openjdk-amd64"/>
    <property name="file.separator" value="/"/>
    <property name="basedir" value="/app/java-producer"/>
    <property name="java.vm.compressedOopsMode" value="32-bit"/>
    <property name="line.separator" value="&#10;"/>
    <property name="java.vm.specification.vendor" value="Oracle Corporation"/>
    <property name="java.specification.name" value="Java Platform API Specification"/>
    <property name="surefire.real.class.path" value="/app/java-producer/target/surefire/surefirebooter-20250608040733690_3.jar"/>
    <property name="sun.management.compiler" value="HotSpot 64-Bit Tiered Compilers"/>
    <property name="java.runtime.version" value="21.0.7+6-Ubuntu-0ubuntu124.04"/>
    <property name="user.name" value="jules"/>
    <property name="stdout.encoding" value="UTF-8"/>
    <property name="path.separator" value=":"/>
    <property name="os.version" value="6.8.0"/>
    <property name="java.runtime.name" value="OpenJDK Runtime Environment"/>
    <property name="file.encoding" value="UTF-8"/>
    <property name="java.vm.name" value="OpenJDK 64-Bit Server VM"/>
    <property name="localRepository" value="/home/swebot/.m2/repository"/>
    <property name="java.vendor.url.bug" value="https://bugs.launchpad.net/ubuntu/+source/openjdk-21"/>
    <property name="java.io.tmpdir" value="/tmp"/>
    <property name="java.version" value="21.0.7"/>
    <property name="user.dir" value="/app/java-producer"/>
    <property name="os.arch" value="amd64"/>
    <property name="java.vm.specification.name" value="Java Virtual Machine Specification"/>
    <property name="native.encoding" value="UTF-8"/>
    <property name="java.library.path" value="/usr/java/packages/lib:/usr/lib/x86_64-linux-gnu/jni:/lib/x86_64-linux-gnu:/usr/lib/x86_64-linux-gnu:/usr/lib/jni:/lib:/usr/lib"/>
    <property name="stderr.encoding" value="UTF-8"/>
    <property name="java.vm.info" value="mixed mode, sharing"/>
    <property name="java.vendor" value="Ubuntu"/>
    <property name="java.vm.version" value="21.0.7+6-Ubuntu-0ubuntu124.04"/>
    <property name="sun.io.unicode.encoding" value="UnicodeLittle"/>
    <property name="java.class.version" value="65.0"/>
  </properties>
  <testcase name="placeholderTest" classname="com.example.JavaProducerTest" time="1.441">
    <system-err><![CDATA[WARNING: A Java agent has been loaded dynamically (/home/swebot/.m2/repository/net/bytebuddy/byte-buddy-agent/1.14.6/byte-buddy-agent-1.14.6.jar)
WARNING: If a serviceability tool is in use, please run with -XX:+EnableDynamicAgentLoading to hide this warning
WARNING: If a serviceability tool is not in use, please run with -Djdk.instrument.traceUsage for more information
WARNING: Dynamic loading of agents will be disallowed by default in a future release
]]></system-err>
  </testcase>
</testsuite>